[debug] [2019-11-01T18:18:36.233Z] ----------------------------------------------------------------------
[debug] [2019-11-01T18:18:36.235Z] Command:       C:\Program Files\nodejs\node.exe C:\Users\vikum\AppData\Roaming\npm\node_modules\firebase-tools\lib\bin\firebase.js deploy
[debug] [2019-11-01T18:18:36.236Z] CLI Version:   7.4.0
[debug] [2019-11-01T18:18:36.236Z] Platform:      win32
[debug] [2019-11-01T18:18:36.236Z] Node Version:  v10.15.3
[debug] [2019-11-01T18:18:36.240Z] Time:          Fri Nov 01 2019 23:48:36 GMT+0530 (India Standard Time)
[debug] [2019-11-01T18:18:36.240Z] ----------------------------------------------------------------------
[debug] 
[debug] [2019-11-01T18:18:36.254Z] > command requires scopes: ["email","openid","https://www.googleapis.com/auth/cloudplatformprojects.readonly","https://www.googleapis.com/auth/firebase","https://www.googleapis.com/auth/cloud-platform"]
[debug] [2019-11-01T18:18:36.254Z] > authorizing via signed-in user
[debug] [2019-11-01T18:18:36.255Z] [iam] checking project er-jlc for permissions ["firebase.projects.get","firebasehosting.sites.update"]
[debug] [2019-11-01T18:18:36.257Z] > refreshing access token with scopes: ["email","https://www.googleapis.com/auth/cloud-platform","https://www.googleapis.com/auth/cloudplatformprojects.readonly","https://www.googleapis.com/auth/firebase","openid"]
[debug] [2019-11-01T18:18:36.257Z] >>> HTTP REQUEST POST https://www.googleapis.com/oauth2/v3/token  
 <request body omitted>
[debug] [2019-11-01T18:18:36.702Z] <<< HTTP RESPONSE 200
[debug] [2019-11-01T18:18:36.706Z] >>> HTTP REQUEST POST https://cloudresourcemanager.googleapis.com/v1/projects/er-jlc:testIamPermissions  

[debug] [2019-11-01T18:18:38.457Z] <<< HTTP RESPONSE 200
[debug] [2019-11-01T18:18:38.459Z] >>> HTTP REQUEST GET https://firebase.googleapis.com/v1beta1/projects/er-jlc  
 
[debug] [2019-11-01T18:18:39.159Z] <<< HTTP RESPONSE 200
[info] 
[info] === Deploying to 'er-jlc'...
[info] 
[info] i  deploying hosting
[debug] [2019-11-01T18:18:39.165Z] >>> HTTP REQUEST POST https://firebasehosting.googleapis.com/v1beta1/sites/jlcerdatabase/versions  

